Start testing: Aug 29 09:16 -03
----------------------------------------------------------
1/7 Testing: test_ekf
1/7 Test: test_ekf
Command: "/home/breno/wheeltec_robot_ws/src/orocos_bfl/build/tests/test_ekf"
Directory: /home/breno/wheeltec_robot_ws/src/orocos_bfl/build/tests
"test_ekf" start time: Aug 29 09:16 -03
Output:
----------------------------------------------------------
.

OK (1)
<end of output>
Test time =   0.00 sec
----------------------------------------------------------
Test Passed.
"test_ekf" end time: Aug 29 09:16 -03
"test_ekf" time elapsed: 00:00:00
----------------------------------------------------------

2/7 Testing: test_pdf
2/7 Test: test_pdf
Command: "/home/breno/wheeltec_robot_ws/src/orocos_bfl/build/tests/test_pdf"
Directory: /home/breno/wheeltec_robot_ws/src/orocos_bfl/build/tests
"test_pdf" start time: Aug 29 09:16 -03
Output:
----------------------------------------------------------
...DiscretePdf::Samplefrom(int, void *): No such sampling method
.Box-Muller not implemented yet!
Box-Muller not implemented yet!
...Mixture::Samplefrom(T, void *): No such sampling method
Mixture::Samplefrom(T, void *): No such sampling method
Mixture::Samplefrom(T, void *): No such sampling method
Mixture::Samplefrom(T, void *): No such sampling method
.

OK (8)
<end of output>
Test time =   0.03 sec
----------------------------------------------------------
Test Passed.
"test_pdf" end time: Aug 29 09:16 -03
"test_pdf" time elapsed: 00:00:00
----------------------------------------------------------

3/7 Testing: test_sample
3/7 Test: test_sample
Command: "/home/breno/wheeltec_robot_ws/src/orocos_bfl/build/tests/test_sample"
Directory: /home/breno/wheeltec_robot_ws/src/orocos_bfl/build/tests
"test_sample" start time: Aug 29 09:16 -03
Output:
----------------------------------------------------------
...

OK (3)
<end of output>
Test time =   0.00 sec
----------------------------------------------------------
Test Passed.
"test_sample" end time: Aug 29 09:16 -03
"test_sample" time elapsed: 00:00:00
----------------------------------------------------------

4/7 Testing: test_matrixwrapper
4/7 Test: test_matrixwrapper
Command: "/home/breno/wheeltec_robot_ws/src/orocos_bfl/build/tests/test_matrixwrapper"
Directory: /home/breno/wheeltec_robot_ws/src/orocos_bfl/build/tests
"test_matrixwrapper" start time: Aug 29 09:16 -03
Output:
----------------------------------------------------------
.

OK (1)
<end of output>
Test time =   0.00 sec
----------------------------------------------------------
Test Passed.
"test_matrixwrapper" end time: Aug 29 09:16 -03
"test_matrixwrapper" time elapsed: 00:00:00
----------------------------------------------------------

5/7 Testing: test_model
5/7 Test: test_model
Command: "/home/breno/wheeltec_robot_ws/src/orocos_bfl/build/tests/test_model"
Directory: /home/breno/wheeltec_robot_ws/src/orocos_bfl/build/tests
"test_model" start time: Aug 29 09:16 -03
Output:
----------------------------------------------------------
...

OK (3)
<end of output>
Test time =   0.00 sec
----------------------------------------------------------
Test Passed.
"test_model" end time: Aug 29 09:16 -03
"test_model" time elapsed: 00:00:00
----------------------------------------------------------

6/7 Testing: test_smoother
6/7 Test: test_smoother
Command: "/home/breno/wheeltec_robot_ws/src/orocos_bfl/build/tests/test_smoother"
Directory: /home/breno/wheeltec_robot_ws/src/orocos_bfl/build/tests
"test_smoother" start time: Aug 29 09:16 -03
Output:
----------------------------------------------------------
..

OK (2)
<end of output>
Test time =   0.01 sec
----------------------------------------------------------
Test Passed.
"test_smoother" end time: Aug 29 09:16 -03
"test_smoother" time elapsed: 00:00:00
----------------------------------------------------------

7/7 Testing: test_complete_filter
7/7 Test: test_complete_filter
Command: "/home/breno/wheeltec_robot_ws/src/orocos_bfl/build/tests/test_complete_filter"
Directory: /home/breno/wheeltec_robot_ws/src/orocos_bfl/build/tests
"test_complete_filter" start time: Aug 29 09:16 -03
Output:
----------------------------------------------------------
.Running 4 different filters. This may take a few minutes... 
.

OK (2)
<end of output>
Test time =   5.35 sec
----------------------------------------------------------
Test Passed.
"test_complete_filter" end time: Aug 29 09:16 -03
"test_complete_filter" time elapsed: 00:00:05
----------------------------------------------------------

End testing: Aug 29 09:16 -03
